<?xml version="1.0" encoding="UTF-8"?>
<!-- Generated by org.testng.reporters.JUnitXMLReporter -->
<testsuite hostname="D9LMYM2" ignored="4" name="Test" tests="2" failures="0" timestamp="25 Apr 2018 04:40:58 GMT" time="7.189" errors="0">
  <testcase name="login" time="1.512" classname="com.Astute.AstuteKnowledge.Tests.LoginTest"/>
  <testcase name="logout" time="5.663" classname="com.Astute.AstuteKnowledge.Tests.LoginTest"/>
  <testcase name="@BeforeSuite init" time="0.0" classname="com.Astute.AstuteKnowledge.Data.SuitBaseData">
    <ignored/>
  </testcase> <!-- @BeforeSuite init -->
  <testcase name="@BeforeSuite init" time="0.0" classname="com.Astute.AstuteKnowledge.Data.SuitBaseData">
    <ignored/>
  </testcase> <!-- @BeforeSuite init -->
  <testcase name="@BeforeSuite loadURL" time="0.0" classname="com.Astute.AstuteKnowledge.Utility.SuitBase">
    <ignored/>
  </testcase> <!-- @BeforeSuite loadURL -->
  <testcase name="@AfterSuite teardown" time="0.0" classname="com.Astute.AstuteKnowledge.Utility.SuitBase">
    <ignored/>
  </testcase> <!-- @AfterSuite teardown -->
</testsuite> <!-- Test -->
