<?xml version="1.0" encoding="UTF-8"?>
<testng-results skipped="0" failed="0" ignored="0" total="1" passed="1">
  <reporter-output>
  </reporter-output>
  <suite name="Suite" duration-ms="20095" started-at="2018-08-26T15:06:07Z" finished-at="2018-08-26T15:06:27Z">
    <groups>
    </groups>
    <test name="Test" duration-ms="20095" started-at="2018-08-26T15:06:07Z" finished-at="2018-08-26T15:06:27Z">
      <class name="com.Astute.AstuteKnowledge.Tests.TopicsTest">
        <test-method status="PASS" signature="init()[pri:0, instance:com.Astute.AstuteKnowledge.Tests.TopicsTest@612679d6]" name="init" is-config="true" duration-ms="0" started-at="2018-08-26T15:06:07Z" finished-at="2018-08-26T15:06:07Z">
          <reporter-output>
          </reporter-output>
        </test-method> <!-- init -->
        <test-method status="PASS" signature="createTopic()[pri:1, instance:com.Astute.AstuteKnowledge.Tests.TopicsTest@612679d6]" name="createTopic" duration-ms="20079" started-at="2018-08-26T15:06:07Z" finished-at="2018-08-26T15:06:27Z">
          <reporter-output>
          </reporter-output>
        </test-method> <!-- createTopic -->
      </class> <!-- com.Astute.AstuteKnowledge.Tests.TopicsTest -->
    </test> <!-- Test -->
  </suite> <!-- Suite -->
</testng-results>
